<?xml version="1.0" encoding="UTF-8"?>
<!-- Generated by org.testng.reporters.JUnitXMLReporter -->
<testsuite hostname="DELL" name="Command line test" tests="23" failures="0" timestamp="20 Feb 2020 14:00:15 GMT" time="9.834" errors="0">
  <testcase name="deleteEmployee" time="0.047" classname="com.javaLive.springmvc.controller.AppControllerTest"/>
  <testcase name="editEmployee" time="0.093" classname="com.javaLive.springmvc.controller.AppControllerTest"/>
  <testcase name="listEmployees" time="0.016" classname="com.javaLive.springmvc.controller.AppControllerTest"/>
  <testcase name="newEmployee" time="0.0" classname="com.javaLive.springmvc.controller.AppControllerTest"/>
  <testcase name="saveEmployeeWithSuccess" time="0.0" classname="com.javaLive.springmvc.controller.AppControllerTest"/>
  <testcase name="saveEmployeeWithValidationError" time="0.0" classname="com.javaLive.springmvc.controller.AppControllerTest"/>
  <testcase name="saveEmployeeWithValidationErrorNonUniqueSSN" time="0.0" classname="com.javaLive.springmvc.controller.AppControllerTest"/>
  <testcase name="updateEmployeeWithSuccess" time="0.015" classname="com.javaLive.springmvc.controller.AppControllerTest"/>
  <testcase name="updateEmployeeWithValidationError" time="0.0" classname="com.javaLive.springmvc.controller.AppControllerTest"/>
  <testcase name="updateEmployeeWithValidationErrorNonUniqueSSN" time="0.0" classname="com.javaLive.springmvc.controller.AppControllerTest"/>
  <testcase name="deleteEmployeeByInvalidSsn" time="0.319" classname="com.javaLive.springmvc.dao.EmployeeDaoImplTest"/>
  <testcase name="deleteEmployeeBySsn" time="0.008" classname="com.javaLive.springmvc.dao.EmployeeDaoImplTest"/>
  <testcase name="findAllEmployees" time="0.004" classname="com.javaLive.springmvc.dao.EmployeeDaoImplTest"/>
  <testcase name="findById" time="0.028" classname="com.javaLive.springmvc.dao.EmployeeDaoImplTest"/>
  <testcase name="findEmployeeBySsn" time="0.032" classname="com.javaLive.springmvc.dao.EmployeeDaoImplTest"/>
  <testcase name="saveEmployee" time="0.14" classname="com.javaLive.springmvc.dao.EmployeeDaoImplTest"/>
  <testcase name="deleteEmployeeBySsn" time="0.004" classname="com.javaLive.springmvc.service.EmployeeServiceImplTest"/>
  <testcase name="findAllEmployees" time="0.0" classname="com.javaLive.springmvc.service.EmployeeServiceImplTest"/>
  <testcase name="findById" time="0.004" classname="com.javaLive.springmvc.service.EmployeeServiceImplTest"/>
  <testcase name="findEmployeeBySsn" time="0.004" classname="com.javaLive.springmvc.service.EmployeeServiceImplTest"/>
  <testcase name="isEmployeeSsnUnique" time="0.0" classname="com.javaLive.springmvc.service.EmployeeServiceImplTest"/>
  <testcase name="saveEmployee" time="0.0" classname="com.javaLive.springmvc.service.EmployeeServiceImplTest"/>
  <testcase name="updateEmployee" time="0.004" classname="com.javaLive.springmvc.service.EmployeeServiceImplTest"/>
</testsuite> <!-- Command line test -->
