<?xml version="1.0" encoding="UTF-8"?>
<testng-results skipped="0" failed="0" ignored="0" total="23" passed="23">
  <reporter-output>
  </reporter-output>
  <suite name="Default suite" duration-ms="8315" started-at="2020-02-21T08:54:35Z" finished-at="2020-02-21T08:54:44Z">
    <groups>
    </groups>
    <test name="Default test" duration-ms="8315" started-at="2020-02-21T08:54:35Z" finished-at="2020-02-21T08:54:44Z">
      <class name="com.javaLive.springmvc.dao.EmployeeDaoImplTest">
        <test-method status="PASS" signature="springTestContextBeforeTestClass()[pri:0, instance:com.javaLive.springmvc.dao.EmployeeDaoImplTest@4ddced80]" name="springTestContextBeforeTestClass" is-config="true" duration-ms="3" started-at="2020-02-21T08:54:36Z" finished-at="2020-02-21T08:54:36Z">
          <reporter-output>
          </reporter-output>
        </test-method> <!-- springTestContextBeforeTestClass -->
        <test-method status="PASS" signature="springTestContextPrepareTestInstance()[pri:0, instance:com.javaLive.springmvc.dao.EmployeeDaoImplTest@4ddced80]" name="springTestContextPrepareTestInstance" is-config="true" duration-ms="5771" started-at="2020-02-21T08:54:36Z" depends-on-methods="org.springframework.test.context.testng.AbstractTestNGSpringContextTests.springTestContextBeforeTestClass" finished-at="2020-02-21T08:54:42Z">
          <reporter-output>
          </reporter-output>
        </test-method> <!-- springTestContextPrepareTestInstance -->
        <test-method status="PASS" signature="springTestContextBeforeTestMethod(java.lang.reflect.Method)[pri:0, instance:com.javaLive.springmvc.dao.EmployeeDaoImplTest@4ddced80]" name="springTestContextBeforeTestMethod" is-config="true" duration-ms="218" started-at="2020-02-21T08:54:42Z" finished-at="2020-02-21T08:54:42Z">
          <params>
            <param index="0">
              <value>
                <![CDATA[public void com.javaLive.springmvc.dao.EmployeeDaoImplTest.deleteEmployeeByInvalidSsn()]]>
              </value>
            </param>
          </params>
          <reporter-output>
          </reporter-output>
        </test-method> <!-- springTestContextBeforeTestMethod -->
        <test-method status="PASS" signature="setUp()[pri:0, instance:com.javaLive.springmvc.dao.EmployeeDaoImplTest@4ddced80]" name="setUp" is-config="true" duration-ms="197" started-at="2020-02-21T08:54:42Z" finished-at="2020-02-21T08:54:42Z">
          <reporter-output>
          </reporter-output>
        </test-method> <!-- setUp -->
        <test-method status="PASS" signature="deleteEmployeeByInvalidSsn()[pri:0, instance:com.javaLive.springmvc.dao.EmployeeDaoImplTest@4ddced80]" name="deleteEmployeeByInvalidSsn" duration-ms="319" started-at="2020-02-21T08:54:42Z" finished-at="2020-02-21T08:54:42Z">
          <reporter-output>
          </reporter-output>
        </test-method> <!-- deleteEmployeeByInvalidSsn -->
        <test-method status="PASS" signature="springTestContextAfterTestMethod(java.lang.reflect.Method)[pri:0, instance:com.javaLive.springmvc.dao.EmployeeDaoImplTest@4ddced80]" name="springTestContextAfterTestMethod" is-config="true" duration-ms="30" started-at="2020-02-21T08:54:42Z" finished-at="2020-02-21T08:54:43Z">
          <params>
            <param index="0">
              <value>
                <![CDATA[public void com.javaLive.springmvc.dao.EmployeeDaoImplTest.deleteEmployeeByInvalidSsn()]]>
              </value>
            </param>
          </params>
          <reporter-output>
          </reporter-output>
        </test-method> <!-- springTestContextAfterTestMethod -->
        <test-method status="PASS" signature="springTestContextBeforeTestMethod(java.lang.reflect.Method)[pri:0, instance:com.javaLive.springmvc.dao.EmployeeDaoImplTest@4ddced80]" name="springTestContextBeforeTestMethod" is-config="true" duration-ms="0" started-at="2020-02-21T08:54:43Z" finished-at="2020-02-21T08:54:43Z">
          <params>
            <param index="0">
              <value>
                <![CDATA[public void com.javaLive.springmvc.dao.EmployeeDaoImplTest.deleteEmployeeBySsn()]]>
              </value>
            </param>
          </params>
          <reporter-output>
          </reporter-output>
        </test-method> <!-- springTestContextBeforeTestMethod -->
        <test-method status="PASS" signature="setUp()[pri:0, instance:com.javaLive.springmvc.dao.EmployeeDaoImplTest@4ddced80]" name="setUp" is-config="true" duration-ms="32" started-at="2020-02-21T08:54:43Z" finished-at="2020-02-21T08:54:43Z">
          <reporter-output>
          </reporter-output>
        </test-method> <!-- setUp -->
        <test-method status="PASS" signature="deleteEmployeeBySsn()[pri:0, instance:com.javaLive.springmvc.dao.EmployeeDaoImplTest@4ddced80]" name="deleteEmployeeBySsn" duration-ms="15" started-at="2020-02-21T08:54:43Z" finished-at="2020-02-21T08:54:43Z">
          <reporter-output>
          </reporter-output>
        </test-method> <!-- deleteEmployeeBySsn -->
        <test-method status="PASS" signature="springTestContextAfterTestMethod(java.lang.reflect.Method)[pri:0, instance:com.javaLive.springmvc.dao.EmployeeDaoImplTest@4ddced80]" name="springTestContextAfterTestMethod" is-config="true" duration-ms="47" started-at="2020-02-21T08:54:43Z" finished-at="2020-02-21T08:54:43Z">
          <params>
            <param index="0">
              <value>
                <![CDATA[public void com.javaLive.springmvc.dao.EmployeeDaoImplTest.deleteEmployeeBySsn()]]>
              </value>
            </param>
          </params>
          <reporter-output>
          </reporter-output>
        </test-method> <!-- springTestContextAfterTestMethod -->
        <test-method status="PASS" signature="setUp()[pri:0, instance:com.javaLive.springmvc.dao.EmployeeDaoImplTest@4ddced80]" name="setUp" is-config="true" duration-ms="94" started-at="2020-02-21T08:54:43Z" finished-at="2020-02-21T08:54:43Z">
          <reporter-output>
          </reporter-output>
        </test-method> <!-- setUp -->
        <test-method status="PASS" signature="springTestContextBeforeTestMethod(java.lang.reflect.Method)[pri:0, instance:com.javaLive.springmvc.dao.EmployeeDaoImplTest@4ddced80]" name="springTestContextBeforeTestMethod" is-config="true" duration-ms="0" started-at="2020-02-21T08:54:43Z" finished-at="2020-02-21T08:54:43Z">
          <params>
            <param index="0">
              <value>
                <![CDATA[public void com.javaLive.springmvc.dao.EmployeeDaoImplTest.findAllEmployees()]]>
              </value>
            </param>
          </params>
          <reporter-output>
          </reporter-output>
        </test-method> <!-- springTestContextBeforeTestMethod -->
        <test-method status="PASS" signature="findAllEmployees()[pri:0, instance:com.javaLive.springmvc.dao.EmployeeDaoImplTest@4ddced80]" name="findAllEmployees" duration-ms="16" started-at="2020-02-21T08:54:43Z" finished-at="2020-02-21T08:54:43Z">
          <reporter-output>
          </reporter-output>
        </test-method> <!-- findAllEmployees -->
        <test-method status="PASS" signature="springTestContextAfterTestMethod(java.lang.reflect.Method)[pri:0, instance:com.javaLive.springmvc.dao.EmployeeDaoImplTest@4ddced80]" name="springTestContextAfterTestMethod" is-config="true" duration-ms="16" started-at="2020-02-21T08:54:43Z" finished-at="2020-02-21T08:54:43Z">
          <params>
            <param index="0">
              <value>
                <![CDATA[public void com.javaLive.springmvc.dao.EmployeeDaoImplTest.findAllEmployees()]]>
              </value>
            </param>
          </params>
          <reporter-output>
          </reporter-output>
        </test-method> <!-- springTestContextAfterTestMethod -->
        <test-method status="PASS" signature="springTestContextBeforeTestMethod(java.lang.reflect.Method)[pri:0, instance:com.javaLive.springmvc.dao.EmployeeDaoImplTest@4ddced80]" name="springTestContextBeforeTestMethod" is-config="true" duration-ms="15" started-at="2020-02-21T08:54:43Z" finished-at="2020-02-21T08:54:43Z">
          <params>
            <param index="0">
              <value>
                <![CDATA[public void com.javaLive.springmvc.dao.EmployeeDaoImplTest.findById()]]>
              </value>
            </param>
          </params>
          <reporter-output>
          </reporter-output>
        </test-method> <!-- springTestContextBeforeTestMethod -->
        <test-method status="PASS" signature="setUp()[pri:0, instance:com.javaLive.springmvc.dao.EmployeeDaoImplTest@4ddced80]" name="setUp" is-config="true" duration-ms="32" started-at="2020-02-21T08:54:43Z" finished-at="2020-02-21T08:54:43Z">
          <reporter-output>
          </reporter-output>
        </test-method> <!-- setUp -->
        <test-method status="PASS" signature="findById()[pri:0, instance:com.javaLive.springmvc.dao.EmployeeDaoImplTest@4ddced80]" name="findById" duration-ms="62" started-at="2020-02-21T08:54:43Z" finished-at="2020-02-21T08:54:43Z">
          <reporter-output>
          </reporter-output>
        </test-method> <!-- findById -->
        <test-method status="PASS" signature="springTestContextAfterTestMethod(java.lang.reflect.Method)[pri:0, instance:com.javaLive.springmvc.dao.EmployeeDaoImplTest@4ddced80]" name="springTestContextAfterTestMethod" is-config="true" duration-ms="16" started-at="2020-02-21T08:54:43Z" finished-at="2020-02-21T08:54:43Z">
          <params>
            <param index="0">
              <value>
                <![CDATA[public void com.javaLive.springmvc.dao.EmployeeDaoImplTest.findById()]]>
              </value>
            </param>
          </params>
          <reporter-output>
          </reporter-output>
        </test-method> <!-- springTestContextAfterTestMethod -->
        <test-method status="PASS" signature="springTestContextBeforeTestMethod(java.lang.reflect.Method)[pri:0, instance:com.javaLive.springmvc.dao.EmployeeDaoImplTest@4ddced80]" name="springTestContextBeforeTestMethod" is-config="true" duration-ms="15" started-at="2020-02-21T08:54:43Z" finished-at="2020-02-21T08:54:43Z">
          <params>
            <param index="0">
              <value>
                <![CDATA[public void com.javaLive.springmvc.dao.EmployeeDaoImplTest.findEmployeeBySsn()]]>
              </value>
            </param>
          </params>
          <reporter-output>
          </reporter-output>
        </test-method> <!-- springTestContextBeforeTestMethod -->
        <test-method status="PASS" signature="setUp()[pri:0, instance:com.javaLive.springmvc.dao.EmployeeDaoImplTest@4ddced80]" name="setUp" is-config="true" duration-ms="47" started-at="2020-02-21T08:54:43Z" finished-at="2020-02-21T08:54:43Z">
          <reporter-output>
          </reporter-output>
        </test-method> <!-- setUp -->
        <test-method status="PASS" signature="findEmployeeBySsn()[pri:0, instance:com.javaLive.springmvc.dao.EmployeeDaoImplTest@4ddced80]" name="findEmployeeBySsn" duration-ms="47" started-at="2020-02-21T08:54:43Z" finished-at="2020-02-21T08:54:43Z">
          <reporter-output>
          </reporter-output>
        </test-method> <!-- findEmployeeBySsn -->
        <test-method status="PASS" signature="springTestContextAfterTestMethod(java.lang.reflect.Method)[pri:0, instance:com.javaLive.springmvc.dao.EmployeeDaoImplTest@4ddced80]" name="springTestContextAfterTestMethod" is-config="true" duration-ms="15" started-at="2020-02-21T08:54:43Z" finished-at="2020-02-21T08:54:43Z">
          <params>
            <param index="0">
              <value>
                <![CDATA[public void com.javaLive.springmvc.dao.EmployeeDaoImplTest.findEmployeeBySsn()]]>
              </value>
            </param>
          </params>
          <reporter-output>
          </reporter-output>
        </test-method> <!-- springTestContextAfterTestMethod -->
        <test-method status="PASS" signature="springTestContextBeforeTestMethod(java.lang.reflect.Method)[pri:0, instance:com.javaLive.springmvc.dao.EmployeeDaoImplTest@4ddced80]" name="springTestContextBeforeTestMethod" is-config="true" duration-ms="0" started-at="2020-02-21T08:54:43Z" finished-at="2020-02-21T08:54:43Z">
          <params>
            <param index="0">
              <value>
                <![CDATA[public void com.javaLive.springmvc.dao.EmployeeDaoImplTest.saveEmployee()]]>
              </value>
            </param>
          </params>
          <reporter-output>
          </reporter-output>
        </test-method> <!-- springTestContextBeforeTestMethod -->
        <test-method status="PASS" signature="setUp()[pri:0, instance:com.javaLive.springmvc.dao.EmployeeDaoImplTest@4ddced80]" name="setUp" is-config="true" duration-ms="47" started-at="2020-02-21T08:54:43Z" finished-at="2020-02-21T08:54:43Z">
          <reporter-output>
          </reporter-output>
        </test-method> <!-- setUp -->
        <test-method status="PASS" signature="saveEmployee()[pri:0, instance:com.javaLive.springmvc.dao.EmployeeDaoImplTest@4ddced80]" name="saveEmployee" duration-ms="92" started-at="2020-02-21T08:54:43Z" finished-at="2020-02-21T08:54:43Z">
          <reporter-output>
          </reporter-output>
        </test-method> <!-- saveEmployee -->
        <test-method status="PASS" signature="springTestContextAfterTestMethod(java.lang.reflect.Method)[pri:0, instance:com.javaLive.springmvc.dao.EmployeeDaoImplTest@4ddced80]" name="springTestContextAfterTestMethod" is-config="true" duration-ms="13" started-at="2020-02-21T08:54:43Z" finished-at="2020-02-21T08:54:43Z">
          <params>
            <param index="0">
              <value>
                <![CDATA[public void com.javaLive.springmvc.dao.EmployeeDaoImplTest.saveEmployee()]]>
              </value>
            </param>
          </params>
          <reporter-output>
          </reporter-output>
        </test-method> <!-- springTestContextAfterTestMethod -->
        <test-method status="PASS" signature="springTestContextAfterTestClass()[pri:0, instance:com.javaLive.springmvc.dao.EmployeeDaoImplTest@4ddced80]" name="springTestContextAfterTestClass" is-config="true" duration-ms="1" started-at="2020-02-21T08:54:43Z" finished-at="2020-02-21T08:54:43Z">
          <reporter-output>
          </reporter-output>
        </test-method> <!-- springTestContextAfterTestClass -->
      </class> <!-- com.javaLive.springmvc.dao.EmployeeDaoImplTest -->
      <class name="com.javaLive.springmvc.service.EmployeeServiceImplTest">
        <test-method status="PASS" signature="setUp()[pri:0, instance:com.javaLive.springmvc.service.EmployeeServiceImplTest@65466a6a]" name="setUp" is-config="true" duration-ms="580" started-at="2020-02-21T08:54:35Z" finished-at="2020-02-21T08:54:36Z">
          <reporter-output>
          </reporter-output>
        </test-method> <!-- setUp -->
        <test-method status="PASS" signature="deleteEmployeeBySsn()[pri:0, instance:com.javaLive.springmvc.service.EmployeeServiceImplTest@65466a6a]" name="deleteEmployeeBySsn" duration-ms="42" started-at="2020-02-21T08:54:36Z" finished-at="2020-02-21T08:54:36Z">
          <reporter-output>
          </reporter-output>
        </test-method> <!-- deleteEmployeeBySsn -->
        <test-method status="PASS" signature="findAllEmployees()[pri:0, instance:com.javaLive.springmvc.service.EmployeeServiceImplTest@65466a6a]" name="findAllEmployees" duration-ms="8" started-at="2020-02-21T08:54:36Z" finished-at="2020-02-21T08:54:36Z">
          <reporter-output>
          </reporter-output>
        </test-method> <!-- findAllEmployees -->
        <test-method status="PASS" signature="findById()[pri:0, instance:com.javaLive.springmvc.service.EmployeeServiceImplTest@65466a6a]" name="findById" duration-ms="4" started-at="2020-02-21T08:54:36Z" finished-at="2020-02-21T08:54:36Z">
          <reporter-output>
          </reporter-output>
        </test-method> <!-- findById -->
        <test-method status="PASS" signature="findEmployeeBySsn()[pri:0, instance:com.javaLive.springmvc.service.EmployeeServiceImplTest@65466a6a]" name="findEmployeeBySsn" duration-ms="7" started-at="2020-02-21T08:54:36Z" finished-at="2020-02-21T08:54:36Z">
          <reporter-output>
          </reporter-output>
        </test-method> <!-- findEmployeeBySsn -->
        <test-method status="PASS" signature="isEmployeeSsnUnique()[pri:0, instance:com.javaLive.springmvc.service.EmployeeServiceImplTest@65466a6a]" name="isEmployeeSsnUnique" duration-ms="3" started-at="2020-02-21T08:54:36Z" finished-at="2020-02-21T08:54:36Z">
          <reporter-output>
          </reporter-output>
        </test-method> <!-- isEmployeeSsnUnique -->
        <test-method status="PASS" signature="saveEmployee()[pri:0, instance:com.javaLive.springmvc.service.EmployeeServiceImplTest@65466a6a]" name="saveEmployee" duration-ms="3" started-at="2020-02-21T08:54:36Z" finished-at="2020-02-21T08:54:36Z">
          <reporter-output>
          </reporter-output>
        </test-method> <!-- saveEmployee -->
        <test-method status="PASS" signature="updateEmployee()[pri:0, instance:com.javaLive.springmvc.service.EmployeeServiceImplTest@65466a6a]" name="updateEmployee" duration-ms="10" started-at="2020-02-21T08:54:36Z" finished-at="2020-02-21T08:54:36Z">
          <reporter-output>
          </reporter-output>
        </test-method> <!-- updateEmployee -->
      </class> <!-- com.javaLive.springmvc.service.EmployeeServiceImplTest -->
      <class name="com.javaLive.springmvc.controller.AppControllerTest">
        <test-method status="PASS" signature="setUp()[pri:0, instance:com.javaLive.springmvc.controller.AppControllerTest@1534f01b]" name="setUp" is-config="true" duration-ms="155" started-at="2020-02-21T08:54:43Z" finished-at="2020-02-21T08:54:43Z">
          <reporter-output>
          </reporter-output>
        </test-method> <!-- setUp -->
        <test-method status="PASS" signature="deleteEmployee()[pri:0, instance:com.javaLive.springmvc.controller.AppControllerTest@1534f01b]" name="deleteEmployee" duration-ms="9" started-at="2020-02-21T08:54:43Z" finished-at="2020-02-21T08:54:43Z">
          <reporter-output>
          </reporter-output>
        </test-method> <!-- deleteEmployee -->
        <test-method status="PASS" signature="editEmployee()[pri:0, instance:com.javaLive.springmvc.controller.AppControllerTest@1534f01b]" name="editEmployee" duration-ms="95" started-at="2020-02-21T08:54:43Z" finished-at="2020-02-21T08:54:43Z">
          <reporter-output>
          </reporter-output>
        </test-method> <!-- editEmployee -->
        <test-method status="PASS" signature="listEmployees()[pri:0, instance:com.javaLive.springmvc.controller.AppControllerTest@1534f01b]" name="listEmployees" duration-ms="4" started-at="2020-02-21T08:54:43Z" finished-at="2020-02-21T08:54:43Z">
          <reporter-output>
          </reporter-output>
        </test-method> <!-- listEmployees -->
        <test-method status="PASS" signature="newEmployee()[pri:0, instance:com.javaLive.springmvc.controller.AppControllerTest@1534f01b]" name="newEmployee" duration-ms="4" started-at="2020-02-21T08:54:43Z" finished-at="2020-02-21T08:54:44Z">
          <reporter-output>
          </reporter-output>
        </test-method> <!-- newEmployee -->
        <test-method status="PASS" signature="saveEmployeeWithSuccess()[pri:0, instance:com.javaLive.springmvc.controller.AppControllerTest@1534f01b]" name="saveEmployeeWithSuccess" duration-ms="6" started-at="2020-02-21T08:54:44Z" finished-at="2020-02-21T08:54:44Z">
          <reporter-output>
          </reporter-output>
        </test-method> <!-- saveEmployeeWithSuccess -->
        <test-method status="PASS" signature="saveEmployeeWithValidationError()[pri:0, instance:com.javaLive.springmvc.controller.AppControllerTest@1534f01b]" name="saveEmployeeWithValidationError" duration-ms="4" started-at="2020-02-21T08:54:44Z" finished-at="2020-02-21T08:54:44Z">
          <reporter-output>
          </reporter-output>
        </test-method> <!-- saveEmployeeWithValidationError -->
        <test-method status="PASS" signature="saveEmployeeWithValidationErrorNonUniqueSSN()[pri:0, instance:com.javaLive.springmvc.controller.AppControllerTest@1534f01b]" name="saveEmployeeWithValidationErrorNonUniqueSSN" duration-ms="8" started-at="2020-02-21T08:54:44Z" finished-at="2020-02-21T08:54:44Z">
          <reporter-output>
          </reporter-output>
        </test-method> <!-- saveEmployeeWithValidationErrorNonUniqueSSN -->
        <test-method status="PASS" signature="updateEmployeeWithSuccess()[pri:0, instance:com.javaLive.springmvc.controller.AppControllerTest@1534f01b]" name="updateEmployeeWithSuccess" duration-ms="8" started-at="2020-02-21T08:54:44Z" finished-at="2020-02-21T08:54:44Z">
          <reporter-output>
          </reporter-output>
        </test-method> <!-- updateEmployeeWithSuccess -->
        <test-method status="PASS" signature="updateEmployeeWithValidationError()[pri:0, instance:com.javaLive.springmvc.controller.AppControllerTest@1534f01b]" name="updateEmployeeWithValidationError" duration-ms="4" started-at="2020-02-21T08:54:44Z" finished-at="2020-02-21T08:54:44Z">
          <reporter-output>
          </reporter-output>
        </test-method> <!-- updateEmployeeWithValidationError -->
        <test-method status="PASS" signature="updateEmployeeWithValidationErrorNonUniqueSSN()[pri:0, instance:com.javaLive.springmvc.controller.AppControllerTest@1534f01b]" name="updateEmployeeWithValidationErrorNonUniqueSSN" duration-ms="4" started-at="2020-02-21T08:54:44Z" finished-at="2020-02-21T08:54:44Z">
          <reporter-output>
          </reporter-output>
        </test-method> <!-- updateEmployeeWithValidationErrorNonUniqueSSN -->
      </class> <!-- com.javaLive.springmvc.controller.AppControllerTest -->
    </test> <!-- Default test -->
  </suite> <!-- Default suite -->
</testng-results>
