<?xml version="1.0" encoding="UTF-8"?>
<testng-results skipped="0" failed="0" total="23" passed="23">
  <reporter-output>
  </reporter-output>
  <suite name="Command line suite" duration-ms="9834" started-at="2020-02-20T14:00:05Z" finished-at="2020-02-20T14:00:15Z">
    <groups>
    </groups>
    <test name="Command line test" duration-ms="9834" started-at="2020-02-20T14:00:05Z" finished-at="2020-02-20T14:00:15Z">
      <class name="com.javaLive.springmvc.dao.EmployeeDaoImplTest">
        <test-method status="PASS" signature="springTestContextBeforeTestClass()[pri:0, instance:com.javaLive.springmvc.dao.EmployeeDaoImplTest@27f723]" name="springTestContextBeforeTestClass" is-config="true" duration-ms="0" started-at="2020-02-20T19:30:06Z" finished-at="2020-02-20T19:30:06Z">
          <reporter-output>
          </reporter-output>
        </test-method> <!-- springTestContextBeforeTestClass -->
        <test-method status="PASS" signature="springTestContextPrepareTestInstance()[pri:0, instance:com.javaLive.springmvc.dao.EmployeeDaoImplTest@27f723]" name="springTestContextPrepareTestInstance" is-config="true" duration-ms="6762" started-at="2020-02-20T19:30:06Z" depends-on-methods="org.springframework.test.context.testng.AbstractTestNGSpringContextTests.springTestContextBeforeTestClass" finished-at="2020-02-20T19:30:13Z">
          <reporter-output>
          </reporter-output>
        </test-method> <!-- springTestContextPrepareTestInstance -->
        <test-method status="PASS" signature="springTestContextBeforeTestMethod(java.lang.reflect.Method)[pri:0, instance:com.javaLive.springmvc.dao.EmployeeDaoImplTest@27f723]" name="springTestContextBeforeTestMethod" is-config="true" duration-ms="240" started-at="2020-02-20T19:30:13Z" finished-at="2020-02-20T19:30:13Z">
          <params>
            <param index="0">
              <value>
                <![CDATA[public void com.javaLive.springmvc.dao.EmployeeDaoImplTest.deleteEmployeeByInvalidSsn()]]>
              </value>
            </param>
          </params>
          <reporter-output>
          </reporter-output>
        </test-method> <!-- springTestContextBeforeTestMethod -->
        <test-method status="PASS" signature="setUp()[pri:0, instance:com.javaLive.springmvc.dao.EmployeeDaoImplTest@27f723]" name="setUp" is-config="true" duration-ms="526" started-at="2020-02-20T19:30:13Z" finished-at="2020-02-20T19:30:14Z">
          <reporter-output>
          </reporter-output>
        </test-method> <!-- setUp -->
        <test-method status="PASS" signature="deleteEmployeeByInvalidSsn()[pri:0, instance:com.javaLive.springmvc.dao.EmployeeDaoImplTest@27f723]" name="deleteEmployeeByInvalidSsn" duration-ms="319" started-at="2020-02-20T19:30:14Z" finished-at="2020-02-20T19:30:14Z">
          <reporter-output>
          </reporter-output>
        </test-method> <!-- deleteEmployeeByInvalidSsn -->
        <test-method status="PASS" signature="springTestContextAfterTestMethod(java.lang.reflect.Method)[pri:0, instance:com.javaLive.springmvc.dao.EmployeeDaoImplTest@27f723]" name="springTestContextAfterTestMethod" is-config="true" duration-ms="13" started-at="2020-02-20T19:30:14Z" finished-at="2020-02-20T19:30:14Z">
          <params>
            <param index="0">
              <value>
                <![CDATA[public void com.javaLive.springmvc.dao.EmployeeDaoImplTest.deleteEmployeeByInvalidSsn()]]>
              </value>
            </param>
          </params>
          <reporter-output>
          </reporter-output>
        </test-method> <!-- springTestContextAfterTestMethod -->
        <test-method status="PASS" signature="springTestContextBeforeTestMethod(java.lang.reflect.Method)[pri:0, instance:com.javaLive.springmvc.dao.EmployeeDaoImplTest@27f723]" name="springTestContextBeforeTestMethod" is-config="true" duration-ms="4" started-at="2020-02-20T19:30:14Z" finished-at="2020-02-20T19:30:14Z">
          <params>
            <param index="0">
              <value>
                <![CDATA[public void com.javaLive.springmvc.dao.EmployeeDaoImplTest.deleteEmployeeBySsn()]]>
              </value>
            </param>
          </params>
          <reporter-output>
          </reporter-output>
        </test-method> <!-- springTestContextBeforeTestMethod -->
        <test-method status="PASS" signature="setUp()[pri:0, instance:com.javaLive.springmvc.dao.EmployeeDaoImplTest@27f723]" name="setUp" is-config="true" duration-ms="28" started-at="2020-02-20T19:30:14Z" finished-at="2020-02-20T19:30:14Z">
          <reporter-output>
          </reporter-output>
        </test-method> <!-- setUp -->
        <test-method status="PASS" signature="deleteEmployeeBySsn()[pri:0, instance:com.javaLive.springmvc.dao.EmployeeDaoImplTest@27f723]" name="deleteEmployeeBySsn" duration-ms="8" started-at="2020-02-20T19:30:14Z" finished-at="2020-02-20T19:30:14Z">
          <reporter-output>
          </reporter-output>
        </test-method> <!-- deleteEmployeeBySsn -->
        <test-method status="PASS" signature="springTestContextAfterTestMethod(java.lang.reflect.Method)[pri:0, instance:com.javaLive.springmvc.dao.EmployeeDaoImplTest@27f723]" name="springTestContextAfterTestMethod" is-config="true" duration-ms="8" started-at="2020-02-20T19:30:14Z" finished-at="2020-02-20T19:30:14Z">
          <params>
            <param index="0">
              <value>
                <![CDATA[public void com.javaLive.springmvc.dao.EmployeeDaoImplTest.deleteEmployeeBySsn()]]>
              </value>
            </param>
          </params>
          <reporter-output>
          </reporter-output>
        </test-method> <!-- springTestContextAfterTestMethod -->
        <test-method status="PASS" signature="springTestContextBeforeTestMethod(java.lang.reflect.Method)[pri:0, instance:com.javaLive.springmvc.dao.EmployeeDaoImplTest@27f723]" name="springTestContextBeforeTestMethod" is-config="true" duration-ms="8" started-at="2020-02-20T19:30:14Z" finished-at="2020-02-20T19:30:14Z">
          <params>
            <param index="0">
              <value>
                <![CDATA[public void com.javaLive.springmvc.dao.EmployeeDaoImplTest.findAllEmployees()]]>
              </value>
            </param>
          </params>
          <reporter-output>
          </reporter-output>
        </test-method> <!-- springTestContextBeforeTestMethod -->
        <test-method status="PASS" signature="setUp()[pri:0, instance:com.javaLive.springmvc.dao.EmployeeDaoImplTest@27f723]" name="setUp" is-config="true" duration-ms="124" started-at="2020-02-20T19:30:14Z" finished-at="2020-02-20T19:30:14Z">
          <reporter-output>
          </reporter-output>
        </test-method> <!-- setUp -->
        <test-method status="PASS" signature="findAllEmployees()[pri:0, instance:com.javaLive.springmvc.dao.EmployeeDaoImplTest@27f723]" name="findAllEmployees" duration-ms="4" started-at="2020-02-20T19:30:14Z" finished-at="2020-02-20T19:30:14Z">
          <reporter-output>
          </reporter-output>
        </test-method> <!-- findAllEmployees -->
        <test-method status="PASS" signature="springTestContextAfterTestMethod(java.lang.reflect.Method)[pri:0, instance:com.javaLive.springmvc.dao.EmployeeDaoImplTest@27f723]" name="springTestContextAfterTestMethod" is-config="true" duration-ms="8" started-at="2020-02-20T19:30:14Z" finished-at="2020-02-20T19:30:14Z">
          <params>
            <param index="0">
              <value>
                <![CDATA[public void com.javaLive.springmvc.dao.EmployeeDaoImplTest.findAllEmployees()]]>
              </value>
            </param>
          </params>
          <reporter-output>
          </reporter-output>
        </test-method> <!-- springTestContextAfterTestMethod -->
        <test-method status="PASS" signature="springTestContextBeforeTestMethod(java.lang.reflect.Method)[pri:0, instance:com.javaLive.springmvc.dao.EmployeeDaoImplTest@27f723]" name="springTestContextBeforeTestMethod" is-config="true" duration-ms="20" started-at="2020-02-20T19:30:14Z" finished-at="2020-02-20T19:30:14Z">
          <params>
            <param index="0">
              <value>
                <![CDATA[public void com.javaLive.springmvc.dao.EmployeeDaoImplTest.findById()]]>
              </value>
            </param>
          </params>
          <reporter-output>
          </reporter-output>
        </test-method> <!-- springTestContextBeforeTestMethod -->
        <test-method status="PASS" signature="setUp()[pri:0, instance:com.javaLive.springmvc.dao.EmployeeDaoImplTest@27f723]" name="setUp" is-config="true" duration-ms="24" started-at="2020-02-20T19:30:14Z" finished-at="2020-02-20T19:30:14Z">
          <reporter-output>
          </reporter-output>
        </test-method> <!-- setUp -->
        <test-method status="PASS" signature="findById()[pri:0, instance:com.javaLive.springmvc.dao.EmployeeDaoImplTest@27f723]" name="findById" duration-ms="28" started-at="2020-02-20T19:30:14Z" finished-at="2020-02-20T19:30:14Z">
          <reporter-output>
          </reporter-output>
        </test-method> <!-- findById -->
        <test-method status="PASS" signature="springTestContextAfterTestMethod(java.lang.reflect.Method)[pri:0, instance:com.javaLive.springmvc.dao.EmployeeDaoImplTest@27f723]" name="springTestContextAfterTestMethod" is-config="true" duration-ms="4" started-at="2020-02-20T19:30:14Z" finished-at="2020-02-20T19:30:14Z">
          <params>
            <param index="0">
              <value>
                <![CDATA[public void com.javaLive.springmvc.dao.EmployeeDaoImplTest.findById()]]>
              </value>
            </param>
          </params>
          <reporter-output>
          </reporter-output>
        </test-method> <!-- springTestContextAfterTestMethod -->
        <test-method status="PASS" signature="springTestContextBeforeTestMethod(java.lang.reflect.Method)[pri:0, instance:com.javaLive.springmvc.dao.EmployeeDaoImplTest@27f723]" name="springTestContextBeforeTestMethod" is-config="true" duration-ms="8" started-at="2020-02-20T19:30:14Z" finished-at="2020-02-20T19:30:14Z">
          <params>
            <param index="0">
              <value>
                <![CDATA[public void com.javaLive.springmvc.dao.EmployeeDaoImplTest.findEmployeeBySsn()]]>
              </value>
            </param>
          </params>
          <reporter-output>
          </reporter-output>
        </test-method> <!-- springTestContextBeforeTestMethod -->
        <test-method status="PASS" signature="setUp()[pri:0, instance:com.javaLive.springmvc.dao.EmployeeDaoImplTest@27f723]" name="setUp" is-config="true" duration-ms="30" started-at="2020-02-20T19:30:14Z" finished-at="2020-02-20T19:30:14Z">
          <reporter-output>
          </reporter-output>
        </test-method> <!-- setUp -->
        <test-method status="PASS" signature="findEmployeeBySsn()[pri:0, instance:com.javaLive.springmvc.dao.EmployeeDaoImplTest@27f723]" name="findEmployeeBySsn" duration-ms="32" started-at="2020-02-20T19:30:14Z" finished-at="2020-02-20T19:30:15Z">
          <reporter-output>
          </reporter-output>
        </test-method> <!-- findEmployeeBySsn -->
        <test-method status="PASS" signature="springTestContextAfterTestMethod(java.lang.reflect.Method)[pri:0, instance:com.javaLive.springmvc.dao.EmployeeDaoImplTest@27f723]" name="springTestContextAfterTestMethod" is-config="true" duration-ms="4" started-at="2020-02-20T19:30:15Z" finished-at="2020-02-20T19:30:15Z">
          <params>
            <param index="0">
              <value>
                <![CDATA[public void com.javaLive.springmvc.dao.EmployeeDaoImplTest.findEmployeeBySsn()]]>
              </value>
            </param>
          </params>
          <reporter-output>
          </reporter-output>
        </test-method> <!-- springTestContextAfterTestMethod -->
        <test-method status="PASS" signature="springTestContextBeforeTestMethod(java.lang.reflect.Method)[pri:0, instance:com.javaLive.springmvc.dao.EmployeeDaoImplTest@27f723]" name="springTestContextBeforeTestMethod" is-config="true" duration-ms="32" started-at="2020-02-20T19:30:15Z" finished-at="2020-02-20T19:30:15Z">
          <params>
            <param index="0">
              <value>
                <![CDATA[public void com.javaLive.springmvc.dao.EmployeeDaoImplTest.saveEmployee()]]>
              </value>
            </param>
          </params>
          <reporter-output>
          </reporter-output>
        </test-method> <!-- springTestContextBeforeTestMethod -->
        <test-method status="PASS" signature="setUp()[pri:0, instance:com.javaLive.springmvc.dao.EmployeeDaoImplTest@27f723]" name="setUp" is-config="true" duration-ms="88" started-at="2020-02-20T19:30:15Z" finished-at="2020-02-20T19:30:15Z">
          <reporter-output>
          </reporter-output>
        </test-method> <!-- setUp -->
        <test-method status="PASS" signature="saveEmployee()[pri:0, instance:com.javaLive.springmvc.dao.EmployeeDaoImplTest@27f723]" name="saveEmployee" duration-ms="140" started-at="2020-02-20T19:30:15Z" finished-at="2020-02-20T19:30:15Z">
          <reporter-output>
          </reporter-output>
        </test-method> <!-- saveEmployee -->
        <test-method status="PASS" signature="springTestContextAfterTestMethod(java.lang.reflect.Method)[pri:0, instance:com.javaLive.springmvc.dao.EmployeeDaoImplTest@27f723]" name="springTestContextAfterTestMethod" is-config="true" duration-ms="4" started-at="2020-02-20T19:30:15Z" finished-at="2020-02-20T19:30:15Z">
          <params>
            <param index="0">
              <value>
                <![CDATA[public void com.javaLive.springmvc.dao.EmployeeDaoImplTest.saveEmployee()]]>
              </value>
            </param>
          </params>
          <reporter-output>
          </reporter-output>
        </test-method> <!-- springTestContextAfterTestMethod -->
        <test-method status="PASS" signature="springTestContextAfterTestClass()[pri:0, instance:com.javaLive.springmvc.dao.EmployeeDaoImplTest@27f723]" name="springTestContextAfterTestClass" is-config="true" duration-ms="8" started-at="2020-02-20T19:30:15Z" finished-at="2020-02-20T19:30:15Z">
          <reporter-output>
          </reporter-output>
        </test-method> <!-- springTestContextAfterTestClass -->
      </class> <!-- com.javaLive.springmvc.dao.EmployeeDaoImplTest -->
      <class name="com.javaLive.springmvc.service.EmployeeServiceImplTest">
        <test-method status="PASS" signature="setUp()[pri:0, instance:com.javaLive.springmvc.service.EmployeeServiceImplTest@5bfbf16f]" name="setUp" is-config="true" duration-ms="20" started-at="2020-02-20T19:30:15Z" finished-at="2020-02-20T19:30:15Z">
          <reporter-output>
          </reporter-output>
        </test-method> <!-- setUp -->
        <test-method status="PASS" signature="deleteEmployeeBySsn()[pri:0, instance:com.javaLive.springmvc.service.EmployeeServiceImplTest@5bfbf16f]" name="deleteEmployeeBySsn" duration-ms="4" started-at="2020-02-20T19:30:15Z" finished-at="2020-02-20T19:30:15Z">
          <reporter-output>
          </reporter-output>
        </test-method> <!-- deleteEmployeeBySsn -->
        <test-method status="PASS" signature="findById()[pri:0, instance:com.javaLive.springmvc.service.EmployeeServiceImplTest@5bfbf16f]" name="findById" duration-ms="4" started-at="2020-02-20T19:30:15Z" finished-at="2020-02-20T19:30:15Z">
          <reporter-output>
          </reporter-output>
        </test-method> <!-- findById -->
        <test-method status="PASS" signature="findAllEmployees()[pri:0, instance:com.javaLive.springmvc.service.EmployeeServiceImplTest@5bfbf16f]" name="findAllEmployees" duration-ms="0" started-at="2020-02-20T19:30:15Z" finished-at="2020-02-20T19:30:15Z">
          <reporter-output>
          </reporter-output>
        </test-method> <!-- findAllEmployees -->
        <test-method status="PASS" signature="findEmployeeBySsn()[pri:0, instance:com.javaLive.springmvc.service.EmployeeServiceImplTest@5bfbf16f]" name="findEmployeeBySsn" duration-ms="4" started-at="2020-02-20T19:30:15Z" finished-at="2020-02-20T19:30:15Z">
          <reporter-output>
          </reporter-output>
        </test-method> <!-- findEmployeeBySsn -->
        <test-method status="PASS" signature="isEmployeeSsnUnique()[pri:0, instance:com.javaLive.springmvc.service.EmployeeServiceImplTest@5bfbf16f]" name="isEmployeeSsnUnique" duration-ms="0" started-at="2020-02-20T19:30:15Z" finished-at="2020-02-20T19:30:15Z">
          <reporter-output>
          </reporter-output>
        </test-method> <!-- isEmployeeSsnUnique -->
        <test-method status="PASS" signature="updateEmployee()[pri:0, instance:com.javaLive.springmvc.service.EmployeeServiceImplTest@5bfbf16f]" name="updateEmployee" duration-ms="4" started-at="2020-02-20T19:30:15Z" finished-at="2020-02-20T19:30:15Z">
          <reporter-output>
          </reporter-output>
        </test-method> <!-- updateEmployee -->
        <test-method status="PASS" signature="saveEmployee()[pri:0, instance:com.javaLive.springmvc.service.EmployeeServiceImplTest@5bfbf16f]" name="saveEmployee" duration-ms="0" started-at="2020-02-20T19:30:15Z" finished-at="2020-02-20T19:30:15Z">
          <reporter-output>
          </reporter-output>
        </test-method> <!-- saveEmployee -->
      </class> <!-- com.javaLive.springmvc.service.EmployeeServiceImplTest -->
      <class name="com.javaLive.springmvc.controller.AppControllerTest">
        <test-method status="PASS" signature="setUp()[pri:0, instance:com.javaLive.springmvc.controller.AppControllerTest@687080dc]" name="setUp" is-config="true" duration-ms="1096" started-at="2020-02-20T19:30:05Z" finished-at="2020-02-20T19:30:06Z">
          <reporter-output>
          </reporter-output>
        </test-method> <!-- setUp -->
        <test-method status="PASS" signature="deleteEmployee()[pri:0, instance:com.javaLive.springmvc.controller.AppControllerTest@687080dc]" name="deleteEmployee" duration-ms="47" started-at="2020-02-20T19:30:06Z" finished-at="2020-02-20T19:30:06Z">
          <reporter-output>
          </reporter-output>
        </test-method> <!-- deleteEmployee -->
        <test-method status="PASS" signature="editEmployee()[pri:0, instance:com.javaLive.springmvc.controller.AppControllerTest@687080dc]" name="editEmployee" duration-ms="93" started-at="2020-02-20T19:30:06Z" finished-at="2020-02-20T19:30:06Z">
          <reporter-output>
          </reporter-output>
        </test-method> <!-- editEmployee -->
        <test-method status="PASS" signature="listEmployees()[pri:0, instance:com.javaLive.springmvc.controller.AppControllerTest@687080dc]" name="listEmployees" duration-ms="16" started-at="2020-02-20T19:30:06Z" finished-at="2020-02-20T19:30:06Z">
          <reporter-output>
          </reporter-output>
        </test-method> <!-- listEmployees -->
        <test-method status="PASS" signature="newEmployee()[pri:0, instance:com.javaLive.springmvc.controller.AppControllerTest@687080dc]" name="newEmployee" duration-ms="0" started-at="2020-02-20T19:30:06Z" finished-at="2020-02-20T19:30:06Z">
          <reporter-output>
          </reporter-output>
        </test-method> <!-- newEmployee -->
        <test-method status="PASS" signature="saveEmployeeWithSuccess()[pri:0, instance:com.javaLive.springmvc.controller.AppControllerTest@687080dc]" name="saveEmployeeWithSuccess" duration-ms="0" started-at="2020-02-20T19:30:06Z" finished-at="2020-02-20T19:30:06Z">
          <reporter-output>
          </reporter-output>
        </test-method> <!-- saveEmployeeWithSuccess -->
        <test-method status="PASS" signature="saveEmployeeWithValidationErrorNonUniqueSSN()[pri:0, instance:com.javaLive.springmvc.controller.AppControllerTest@687080dc]" name="saveEmployeeWithValidationErrorNonUniqueSSN" duration-ms="0" started-at="2020-02-20T19:30:06Z" finished-at="2020-02-20T19:30:06Z">
          <reporter-output>
          </reporter-output>
        </test-method> <!-- saveEmployeeWithValidationErrorNonUniqueSSN -->
        <test-method status="PASS" signature="saveEmployeeWithValidationError()[pri:0, instance:com.javaLive.springmvc.controller.AppControllerTest@687080dc]" name="saveEmployeeWithValidationError" duration-ms="0" started-at="2020-02-20T19:30:06Z" finished-at="2020-02-20T19:30:06Z">
          <reporter-output>
          </reporter-output>
        </test-method> <!-- saveEmployeeWithValidationError -->
        <test-method status="PASS" signature="updateEmployeeWithSuccess()[pri:0, instance:com.javaLive.springmvc.controller.AppControllerTest@687080dc]" name="updateEmployeeWithSuccess" duration-ms="15" started-at="2020-02-20T19:30:06Z" finished-at="2020-02-20T19:30:06Z">
          <reporter-output>
          </reporter-output>
        </test-method> <!-- updateEmployeeWithSuccess -->
        <test-method status="PASS" signature="updateEmployeeWithValidationError()[pri:0, instance:com.javaLive.springmvc.controller.AppControllerTest@687080dc]" name="updateEmployeeWithValidationError" duration-ms="0" started-at="2020-02-20T19:30:06Z" finished-at="2020-02-20T19:30:06Z">
          <reporter-output>
          </reporter-output>
        </test-method> <!-- updateEmployeeWithValidationError -->
        <test-method status="PASS" signature="updateEmployeeWithValidationErrorNonUniqueSSN()[pri:0, instance:com.javaLive.springmvc.controller.AppControllerTest@687080dc]" name="updateEmployeeWithValidationErrorNonUniqueSSN" duration-ms="0" started-at="2020-02-20T19:30:06Z" finished-at="2020-02-20T19:30:06Z">
          <reporter-output>
          </reporter-output>
        </test-method> <!-- updateEmployeeWithValidationErrorNonUniqueSSN -->
      </class> <!-- com.javaLive.springmvc.controller.AppControllerTest -->
    </test> <!-- Command line test -->
  </suite> <!-- Command line suite -->
</testng-results>
